<?xml version="1.0" encoding="UTF-8" ?>
<testsuite tests="12" failures="0" name="com.ifrn.testes.CalculadoraTest" time="0.001" errors="0" skipped="0">
  <properties>
[...]
</properties>
  <testcase classname="com.ifrn.testes.CalculadoraTest" name="com.ifrn.testes.CalculadoraTest.testSubtrairPositivos" time="0.001"/>
  <testcase classname="com.ifrn.testes.CalculadoraTest" name="com.ifrn.testes.CalculadoraTest.testSubtrairPositivoNegativo" time="0"/>
  <testcase classname="com.ifrn.testes.CalculadoraTest" name="com.ifrn.testes.CalculadoraTest.testSomarPositivoNegativo" time="0"/>
  <testcase classname="com.ifrn.testes.CalculadoraTest" name="com.ifrn.testes.CalculadoraTest.testSubtrairNegativos" time="0"/>
  <testcase classname="com.ifrn.testes.CalculadoraTest" name="com.ifrn.testes.CalculadoraTest.testPrimo1" time="0"/>
  <testcase classname="com.ifrn.testes.CalculadoraTest" name="com.ifrn.testes.CalculadoraTest.testSomarNegativos" time="0"/>
  <testcase classname="com.ifrn.testes.CalculadoraTest" name="com.ifrn.testes.CalculadoraTest.testPrimo2" time="0"/>
  <testcase classname="com.ifrn.testes.CalculadoraTest" name="com.ifrn.testes.CalculadoraTest.testMultiplicar" time="0"/>
  <testcase classname="com.ifrn.testes.CalculadoraTest" name="com.ifrn.testes.CalculadoraTest.testNaoPrimo2" time="0"/>
  <testcase classname="com.ifrn.testes.CalculadoraTest" name="com.ifrn.testes.CalculadoraTest.testNaoPrimo1" time="0"/>
  <testcase classname="com.ifrn.testes.CalculadoraTest" name="com.ifrn.testes.CalculadoraTest.testSomarPositivos" time="0"/>
  <testcase classname="com.ifrn.testes.CalculadoraTest" name="com.ifrn.testes.CalculadoraTest.testDividir" time="0"/>
</testsuite>