<?xml version="1.0" encoding="UTF-8" ?>
<testsuite tests="1" failures="1" name="com.ifrn.testes.CalculadoraTest" time="0.011" errors="0" skipped="0">
  <properties>
[...]
</properties>
  <testcase classname="com.ifrn.testes.CalculadoraTest" name="com.ifrn.testes.CalculadoraTest.testSomar" time="0.011">
    <failure message="expected: &lt;16&gt; but was: &lt;15&gt;" type="org.opentest4j.AssertionFailedError">org.opentest4j.AssertionFailedError: expected: &lt;16&gt; but was: &lt;15&gt;
	at org.junit.jupiter.api.AssertionFailureBuilder.build(AssertionFailureBuilder.java:151)
	at org.junit.jupiter.api.AssertionFailureBuilder.buildAndThrow(AssertionFailureBuilder.java:132)
	at org.junit.jupiter.api.AssertEquals.failNotEqual(AssertEquals.java:197)
	at org.junit.jupiter.api.AssertEquals.assertEquals(AssertEquals.java:150)
	at org.junit.jupiter.api.AssertEquals.assertEquals(AssertEquals.java:145)
	at org.junit.jupiter.api.Assertions.assertEquals(Assertions.java:528)
	at com.ifrn.testes.CalculadoraTest.testSomar(CalculadoraTest.java:24)
</failure>
    <system-out>Testando método somar()
</system-out>
  </testcase>
</testsuite>